\BOOKMARK [0][]{section*.2}{\376\377\000A\000p\000p\000r\000o\000v\000a\000l}{}% 1
\BOOKMARK [0][]{section*.4}{\376\377\000A\000b\000s\000t\000r\000a\000c\000t}{}% 2
\BOOKMARK [0][]{section*.6}{\376\377\000A\000c\000k\000n\000o\000w\000l\000e\000d\000g\000e\000m\000e\000n\000t\000s}{}% 3
\BOOKMARK [0][]{chapter*.7}{\376\377\000A\000b\000b\000r\000e\000v\000i\000a\000t\000i\000o\000n\000s}{}% 4
\BOOKMARK [0][]{chapter*.8}{\376\377\000D\000e\000n\000o\000t\000a\000t\000i\000o\000n}{}% 5
\BOOKMARK [0][]{chapter*.9}{\376\377\000C\000o\000n\000t\000e\000n\000t\000s}{}% 6
\BOOKMARK [0][]{chapter*.10}{\376\377\000L\000i\000s\000t\000\040\000o\000f\000\040\000F\000i\000g\000u\000r\000e\000s}{}% 7
\BOOKMARK [0][]{chapter*.11}{\376\377\000L\000i\000s\000t\000\040\000o\000f\000\040\000T\000a\000b\000l\000e\000s}{}% 8
\BOOKMARK [0][]{section*.12}{\376\377\000L\000i\000s\000t\000\040\000o\000f\000\040\000C\000o\000d\000e}{}% 9
\BOOKMARK [0][]{chapter.0.1}{\376\377\0001\000\040\000I\000n\000t\000r\000o\000d\000u\000c\000t\000i\000o\000n}{}% 10
\BOOKMARK [1][]{section.0.1.1}{\376\377\0001\000.\0001\000\040\000R\000e\000a\000d\000i\000n\000g\000\040\000c\000o\000m\000p\000r\000e\000h\000e\000n\000s\000i\000o\000n}{chapter.0.1}% 11
\BOOKMARK [2][]{subsection.0.1.1.1}{\376\377\0001\000.\0001\000.\0001\000\040\000S\000o\000u\000r\000c\000e\000s}{section.0.1.1}% 12
\BOOKMARK [2][]{subsection.0.1.1.2}{\376\377\0001\000.\0001\000.\0002\000\040\000R\000e\000p\000o\000r\000t\000\040\000s\000t\000r\000u\000c\000t\000u\000r\000e}{section.0.1.1}% 13
\BOOKMARK [1][]{section.0.1.2}{\376\377\0001\000.\0002\000\040\000P\000r\000o\000j\000e\000c\000t\000\040\000d\000e\000s\000c\000r\000i\000p\000t\000i\000o\000n}{chapter.0.1}% 14
\BOOKMARK [1][]{section.0.1.3}{\376\377\0001\000.\0003\000\040\000P\000r\000o\000j\000e\000c\000t\000\040\000s\000c\000o\000p\000e}{chapter.0.1}% 15
\BOOKMARK [2][]{subsection.0.1.3.1}{\376\377\0001\000.\0003\000.\0001\000\040\000L\000e\000a\000r\000n\000i\000n\000g\000\040\000o\000b\000j\000e\000c\000t\000i\000v\000e\000s}{section.0.1.3}% 16
\BOOKMARK [0][]{chapter.0.2}{\376\377\0002\000\040\000T\000h\000e\000o\000r\000y}{}% 17
\BOOKMARK [1][]{section.0.2.1}{\376\377\0002\000.\0001\000\040\000A\000m\000p\000l\000i\000f\000i\000e\000r\000\040\000m\000o\000d\000e\000l}{chapter.0.2}% 18
\BOOKMARK [1][]{section.0.2.2}{\376\377\0002\000.\0002\000\040\000P\000r\000e\000a\000m\000p\000l\000i\000f\000i\000e\000r\000\040\000a\000n\000d\000\040\000I\000n\000p\000u\000t\000\040\000F\000i\000l\000t\000e\000r}{chapter.0.2}% 19
\BOOKMARK [1][]{section.0.2.3}{\376\377\0002\000.\0003\000\040\000M\000o\000d\000u\000l\000a\000t\000o\000r}{chapter.0.2}% 20
\BOOKMARK [2][]{subsection.0.2.3.1}{\376\377\0002\000.\0003\000.\0001\000\040\000A\000s\000t\000a\000b\000l\000e\000\040\000I\000n\000t\000e\000g\000r\000a\000t\000i\000n\000g\000\040\000M\000o\000d\000u\000l\000a\000t\000o\000r}{section.0.2.3}% 21
\BOOKMARK [1][]{section.0.2.4}{\376\377\0002\000.\0004\000\040\000G\000a\000t\000e\000\040\000D\000r\000i\000v\000e\000r}{chapter.0.2}% 22
\BOOKMARK [1][]{section.0.2.5}{\376\377\0002\000.\0005\000\040\000P\000o\000w\000e\000r\000\040\000S\000t\000a\000g\000e}{chapter.0.2}% 23
\BOOKMARK [1][]{section.0.2.6}{\376\377\0002\000.\0006\000\040\000O\000u\000t\000p\000u\000t\000\040\000F\000i\000l\000t\000e\000r}{chapter.0.2}% 24
\BOOKMARK [1][]{section.0.2.7}{\376\377\0002\000.\0007\000\040\000R\000e\000d\000u\000c\000e\000d\000\040\000V\000o\000l\000t\000a\000g\000e\000\040\000S\000w\000i\000t\000c\000h\000i\000n\000g}{chapter.0.2}% 25
\BOOKMARK [1][]{section.0.2.8}{\376\377\0002\000.\0008\000\040\000R\000e\000f\000e\000r\000e\000n\000c\000e\000\040\000V\000o\000l\000t\000a\000g\000e}{chapter.0.2}% 26
\BOOKMARK [1][]{section.0.2.9}{\376\377\0002\000.\0009\000\040\000R\000e\000g\000u\000l\000a\000t\000i\000o\000n\000\040\000a\000n\000d\000\040\000C\000o\000n\000t\000r\000o\000l}{chapter.0.2}% 27
\BOOKMARK [2][]{subsection.0.2.9.1}{\376\377\0002\000.\0009\000.\0001\000\040\000P\000r\000o\000p\000o\000r\000t\000i\000o\000n\000a\000l\000-\000I\000n\000t\000e\000g\000r\000a\000l\000-\000D\000e\000r\000i\000v\000a\000t\000i\000v\000e\000\040\000C\000o\000n\000t\000r\000o\000l}{section.0.2.9}% 28
\BOOKMARK [2][]{subsection.0.2.9.2}{\376\377\0002\000.\0009\000.\0002\000\040\000L\000i\000n\000e\000a\000r\000-\000Q\000u\000a\000d\000r\000a\000t\000i\000c\000\040\000R\000e\000g\000u\000l\000a\000t\000o\000r}{section.0.2.9}% 29
\BOOKMARK [2][]{subsection.0.2.9.3}{\376\377\0002\000.\0009\000.\0003\000\040\000R\000e\000m\000a\000r\000k\000s}{section.0.2.9}% 30
\BOOKMARK [0][]{chapter.0.3}{\376\377\0003\000\040\000S\000y\000n\000t\000h\000e\000s\000i\000s}{}% 31
\BOOKMARK [1][]{section.0.3.1}{\376\377\0003\000.\0001\000\040\000P\000r\000e\000a\000m\000p\000l\000i\000f\000i\000e\000r\000\040\000a\000n\000d\000\040\000I\000n\000p\000u\000t\000\040\000F\000i\000l\000t\000e\000r}{chapter.0.3}% 32
\BOOKMARK [1][]{section.0.3.2}{\376\377\0003\000.\0002\000\040\000M\000o\000d\000u\000l\000a\000t\000o\000r}{chapter.0.3}% 33
\BOOKMARK [1][]{section.0.3.3}{\376\377\0003\000.\0003\000\040\000G\000a\000t\000e\000\040\000D\000r\000i\000v\000e\000r}{chapter.0.3}% 34
\BOOKMARK [1][]{section.0.3.4}{\376\377\0003\000.\0004\000\040\000P\000o\000w\000e\000r\000\040\000S\000t\000a\000g\000e}{chapter.0.3}% 35
\BOOKMARK [1][]{section.0.3.5}{\376\377\0003\000.\0005\000\040\000O\000u\000t\000p\000u\000t\000\040\000F\000i\000l\000t\000e\000r}{chapter.0.3}% 36
\BOOKMARK [1][]{section.0.3.6}{\376\377\0003\000.\0006\000\040\000R\000e\000f\000e\000r\000e\000n\000c\000e\000\040\000V\000o\000l\000t\000a\000g\000e}{chapter.0.3}% 37
\BOOKMARK [1][]{section.0.3.7}{\376\377\0003\000.\0007\000\040\000R\000e\000g\000u\000l\000a\000t\000i\000o\000n\000\040\000a\000n\000d\000\040\000C\000o\000n\000t\000r\000o\000l}{chapter.0.3}% 38
\BOOKMARK [1][]{section.0.3.8}{\376\377\0003\000.\0008\000\040\000R\000e\000m\000a\000r\000k\000s}{chapter.0.3}% 39
\BOOKMARK [0][]{chapter.0.4}{\376\377\0004\000\040\000P\000r\000o\000d\000u\000c\000t\000i\000o\000n}{}% 40
\BOOKMARK [1][]{section.0.4.1}{\376\377\0004\000.\0001\000\040\000S\000i\000m\000u\000l\000a\000t\000i\000o\000n}{chapter.0.4}% 41
\BOOKMARK [2][]{subsection.0.4.1.1}{\376\377\0004\000.\0001\000.\0001\000\040\000O\000p\000e\000n\000\040\000L\000o\000o\000p}{section.0.4.1}% 42
\BOOKMARK [2][]{subsection.0.4.1.2}{\376\377\0004\000.\0001\000.\0002\000\040\000C\000l\000o\000s\000e\000d\000\040\000L\000o\000o\000p}{section.0.4.1}% 43
\BOOKMARK [1][]{section.0.4.2}{\376\377\0004\000.\0002\000\040\000I\000n\000d\000u\000c\000t\000o\000r\000\040\000d\000e\000s\000i\000g\000n}{chapter.0.4}% 44
\BOOKMARK [2][]{subsection.0.4.2.1}{\376\377\0004\000.\0002\000.\0001\000\040\000M\000o\000u\000n\000t\000i\000n\000g\000\040\000m\000e\000t\000h\000o\000d}{section.0.4.2}% 45
\BOOKMARK [1][]{section.0.4.3}{\376\377\0004\000.\0003\000\040\000P\000r\000i\000n\000t\000e\000d\000\040\000C\000i\000r\000c\000u\000i\000t\000\040\000B\000o\000a\000r\000d}{chapter.0.4}% 46
\BOOKMARK [2][]{subsection.0.4.3.1}{\376\377\0004\000.\0003\000.\0001\000\040\000I\000n\000p\000u\000t\000-\000O\000u\000t\000p\000u\000t\000\040\000P\000r\000i\000n\000t\000e\000d\000\040\000C\000i\000r\000c\000u\000i\000t\000\040\000B\000o\000a\000r\000d}{section.0.4.3}% 47
\BOOKMARK [2][]{subsection.0.4.3.2}{\376\377\0004\000.\0003\000.\0002\000\040\000A\000m\000p\000l\000i\000f\000i\000e\000r\000\040\000P\000r\000i\000n\000t\000e\000d\000\040\000C\000i\000r\000c\000u\000i\000t\000\040\000B\000o\000a\000r\000d}{section.0.4.3}% 48
\BOOKMARK [2][]{subsection.0.4.3.3}{\376\377\0004\000.\0003\000.\0003\000\040\000M\000e\000t\000h\000o\000d\000o\000l\000o\000g\000y}{section.0.4.3}% 49
\BOOKMARK [2][]{subsection.0.4.3.4}{\376\377\0004\000.\0003\000.\0004\000\040\000R\000e\000m\000a\000r\000k\000s}{section.0.4.3}% 50
\BOOKMARK [0][]{chapter.0.5}{\376\377\0005\000\040\000A\000n\000a\000l\000y\000s\000i\000s}{}% 51
\BOOKMARK [1][]{section.0.5.1}{\376\377\0005\000.\0001\000\040\000H\000y\000s\000t\000e\000r\000e\000s\000i\000s\000\040\000w\000i\000n\000d\000o\000w\000\040\000o\000f\000\040\000m\000o\000d\000u\000l\000a\000t\000o\000r\000\040\000\050\000S\000i\000m\000u\000l\000a\000t\000i\000o\000n\000\051}{chapter.0.5}% 52
\BOOKMARK [1][]{section.0.5.2}{\376\377\0005\000.\0002\000\040\000O\000u\000t\000p\000u\000t\000\040\000f\000i\000l\000t\000e\000r\000\040\000\050\000C\000a\000l\000c\000u\000l\000a\000t\000i\000o\000n\000\040\000a\000n\000d\000\040\000S\000i\000m\000u\000l\000a\000t\000i\000o\000n\000\051}{chapter.0.5}% 53
\BOOKMARK [2][]{subsection.0.5.2.1}{\376\377\0005\000.\0002\000.\0001\000\040\000A\000n\000a\000l\000y\000t\000i\000c\000a\000l\000\040\000a\000p\000p\000r\000o\000a\000c\000h}{section.0.5.2}% 54
\BOOKMARK [2][]{subsection.0.5.2.2}{\376\377\0005\000.\0002\000.\0002\000\040\000S\000i\000m\000u\000l\000a\000t\000i\000o\000n\000\040\000a\000p\000p\000r\000o\000a\000c\000h}{section.0.5.2}% 55
\BOOKMARK [1][]{section.0.5.3}{\376\377\0005\000.\0003\000\040\000I\000n\000i\000t\000i\000a\000l\000\040\000t\000e\000s\000t\000s\000\040\000\050\000H\000a\000r\000d\000w\000a\000r\000e\000\051}{chapter.0.5}% 56
\BOOKMARK [1][]{section.0.5.4}{\376\377\0005\000.\0004\000\040\000C\000o\000n\000t\000r\000o\000l\000\040\000l\000o\000o\000p\000\040\000\050\000H\000a\000r\000d\000w\000a\000r\000e\000\051}{chapter.0.5}% 57
\BOOKMARK [2][]{subsection.0.5.4.1}{\376\377\0005\000.\0004\000.\0001\000\040\000M\000e\000a\000s\000u\000r\000e\000m\000e\000n\000t\000\040\000s\000e\000t\000u\000p}{section.0.5.4}% 58
\BOOKMARK [2][]{subsection.0.5.4.2}{\376\377\0005\000.\0004\000.\0002\000\040\000O\000u\000t\000e\000r\000\040\000l\000o\000o\000p\000\040\000o\000p\000e\000n\000,\000\040\000i\000n\000n\000e\000r\000\040\000l\000o\000o\000p\000\040\000c\000l\000o\000s\000e\000d}{section.0.5.4}% 59
\BOOKMARK [2][]{subsection.0.5.4.3}{\376\377\0005\000.\0004\000.\0003\000\040\000O\000u\000t\000e\000r\000\040\000l\000o\000o\000p\000\040\000o\000p\000e\000n\000,\000\040\000i\000n\000n\000e\000r\000\040\000l\000o\000o\000p\000\040\000o\000p\000e\000n}{section.0.5.4}% 60
\BOOKMARK [2][]{subsection.0.5.4.4}{\376\377\0005\000.\0004\000.\0004\000\040\000D\000i\000s\000c\000u\000s\000s\000i\000o\000n}{section.0.5.4}% 61
\BOOKMARK [0][]{chapter.0.6}{\376\377\0006\000\040\000C\000o\000n\000c\000l\000u\000s\000i\000o\000n}{}% 62
\BOOKMARK [1][]{section.0.6.1}{\376\377\0006\000.\0001\000\040\000F\000u\000t\000u\000r\000e\000\040\000W\000o\000r\000k}{chapter.0.6}% 63
\BOOKMARK [0][]{chapter.0.7}{\376\377\0007\000\040\000B\000i\000b\000l\000i\000o\000g\000r\000a\000p\000h\000y}{}% 64
\BOOKMARK [0][]{appendix.A}{\376\377\000A\000\040\000C\000i\000r\000c\000u\000i\000t\000\040\000S\000c\000h\000e\000m\000a\000t\000i\000c\000s}{}% 65
\BOOKMARK [0][]{appendix.B}{\376\377\000B\000\040\000M\000e\000a\000s\000u\000r\000e\000m\000e\000n\000t\000\040\000s\000e\000t\000u\000p\000s}{}% 66
\BOOKMARK [0][]{appendix.C}{\376\377\000C\000\040\000L\000T\000s\000p\000i\000c\000e}{}% 67
\BOOKMARK [0][]{appendix.D}{\376\377\000D\000\040\000A\000m\000p\000l\000i\000f\000i\000e\000r\000\040\000a\000n\000a\000l\000y\000s\000i\000s}{}% 68
\BOOKMARK [1][]{section.D.1}{\376\377\000D\000.\0001\000\040\000E\000f\000f\000i\000c\000i\000e\000n\000c\000y\000\040\000\050\000S\000i\000m\000u\000l\000a\000t\000i\000o\000n\000\051}{appendix.D}% 69
\BOOKMARK [1][]{section.D.2}{\376\377\000D\000.\0002\000\040\000T\000o\000t\000a\000l\000\040\000H\000a\000r\000m\000o\000n\000i\000c\000\040\000D\000i\000s\000t\000o\000r\000t\000i\000o\000n\000\040\000+\000\040\000N\000o\000i\000s\000e\000\040\000\050\000H\000a\000r\000d\000w\000a\000r\000e\000\051}{appendix.D}% 70
\BOOKMARK [1][]{section.D.3}{\376\377\000D\000.\0003\000\040\000C\000o\000n\000t\000r\000o\000l\000\040\000l\000o\000o\000p\000\040\000s\000i\000m\000u\000l\000a\000t\000i\000o\000n}{appendix.D}% 71
\BOOKMARK [0][]{appendix.E}{\376\377\000E\000\040\000M\000A\000T\000L\000A\000B\000\040\000c\000o\000d\000e}{}% 72
\BOOKMARK [0][]{appendix.F}{\376\377\000F\000\040\000B\000i\000l\000l\000\040\000o\000f\000\040\000M\000a\000t\000e\000r\000i\000a\000l\000s}{}% 73
\BOOKMARK [0][]{appendix.G}{\376\377\000G\000\040\000I\000n\000s\000t\000r\000u\000m\000e\000n\000t\000s}{}% 74
